<?xml version='1.0'?>
<ns2:test-suite xmlns:ns2='urn:model.allure.qatools.yandex.ru' start='1659616853623' stop='1659616854344'>
    <name>Buscar Debêntures: Acessar detalhes da debênture através de uma busca</name>
    <title>Buscar Debêntures: Acessar detalhes da debênture através de uma busca</title>
    <test-cases>
        <test-case start='1659616853623' status='passed' stop='1659616853623'>
            <name></name>
            <title></title>
            <labels>
                <label name='language' value='javascript'/>
                <label name='framework' value='wdio'/>
                <label name='thread' value='0-0'/>
            </labels>
            <parameters>
                <parameter kind='argument' name='browser' value='chrome-104.0.5112.79'/>
            </parameters>
            <steps/>
            <attachments/>
        </test-case>
        <test-case start='1659616853623' status='passed' stop='1659616854343'>
            <name>Dado que estou na homepage da anbima</name>
            <title>Dado que estou na homepage da anbima</title>
            <labels>
                <label name='language' value='javascript'/>
                <label name='framework' value='wdio'/>
                <label name='thread' value='0-0'/>
            </labels>
            <parameters>
                <parameter kind='argument' name='browser' value='chrome-104.0.5112.79'/>
            </parameters>
            <steps>
                <step start='1659616853624' status='passed' stop='1659616854342'>
                    <name>POST /session/:sessionId/url</name>
                    <title>POST /session/:sessionId/url</title>
                    <attachments>
                        <attachment title='Request' source='ff08ccaf-c37c-4bc4-8d90-040db8393dfc-attachment.json' type='application/json' size='41'/>
                    </attachments>
                    <steps/>
                </step>
            </steps>
            <attachments/>
        </test-case>
        <test-case start='1659616854343' status='broken' stop='1659616854343'>
            <name>Quando realizo uma busca pelo código B3 "AALM11"</name>
            <title>Quando realizo uma busca pelo código B3 "AALM11"</title>
            <labels>
                <label name='language' value='javascript'/>
                <label name='framework' value='wdio'/>
                <label name='thread' value='0-0'/>
            </labels>
            <parameters>
                <parameter kind='argument' name='browser' value='chrome-104.0.5112.79'/>
            </parameters>
            <steps/>
            <attachments/>
            <failure>
                <message>Step "realizo uma busca pelo código B3 "AALM11"" is not defined. You can ignore this error by setting cucumberOpts.ignoreUndefinedDefinitions as true.</message>
                <stack-trace>Step "realizo uma busca pelo código B3 "AALM11"" is not defined. You can ignore this error by setting cucumberOpts.ignoreUndefinedDefinitions as true.
                	at Feature(/Users/h.junqueira.braga/Documents/bootcamp /debentures webdriver.io/features/debenture.feature):1:1
                	at Scenario(Acessar detalhes da debênture através de uma busca):15:3
                	at Step(realizo uma busca pelo código B3 "AALM11"):16:5
                </stack-trace>
            </failure>
        </test-case>
        <test-case start='1659616854343' status='broken' stop='1659616854343'>
            <name>E acesso ver detalhes</name>
            <title>E acesso ver detalhes</title>
            <labels>
                <label name='language' value='javascript'/>
                <label name='framework' value='wdio'/>
                <label name='thread' value='0-0'/>
            </labels>
            <parameters>
                <parameter kind='argument' name='browser' value='chrome-104.0.5112.79'/>
            </parameters>
            <steps/>
            <attachments/>
            <failure>
                <message>Step "acesso ver detalhes" is not defined. You can ignore this error by setting cucumberOpts.ignoreUndefinedDefinitions as true.</message>
                <stack-trace>Step "acesso ver detalhes" is not defined. You can ignore this error by setting cucumberOpts.ignoreUndefinedDefinitions as true.
                	at Feature(/Users/h.junqueira.braga/Documents/bootcamp /debentures webdriver.io/features/debenture.feature):1:1
                	at Scenario(Acessar detalhes da debênture através de uma busca):15:3
                	at Step(acesso ver detalhes):17:5
                </stack-trace>
            </failure>
        </test-case>
        <test-case start='1659616854344' status='broken' stop='1659616854344'>
            <name>Então visualizo características da debênture</name>
            <title>Então visualizo características da debênture</title>
            <labels>
                <label name='language' value='javascript'/>
                <label name='framework' value='wdio'/>
                <label name='thread' value='0-0'/>
            </labels>
            <parameters>
                <parameter kind='argument' name='browser' value='chrome-104.0.5112.79'/>
            </parameters>
            <steps/>
            <attachments/>
            <failure>
                <message>Step "visualizo características da debênture" is not defined. You can ignore this error by setting cucumberOpts.ignoreUndefinedDefinitions as true.</message>
                <stack-trace>Step "visualizo características da debênture" is not defined. You can ignore this error by setting cucumberOpts.ignoreUndefinedDefinitions as true.
                	at Feature(/Users/h.junqueira.braga/Documents/bootcamp /debentures webdriver.io/features/debenture.feature):1:1
                	at Scenario(Acessar detalhes da debênture através de uma busca):15:3
                	at Step(visualizo características da debênture):18:5
                </stack-trace>
            </failure>
        </test-case>
        <test-case start='1659616854344' status='passed' stop='1659616854344'>
            <name></name>
            <title></title>
            <labels>
                <label name='language' value='javascript'/>
                <label name='framework' value='wdio'/>
                <label name='thread' value='0-0'/>
            </labels>
            <parameters>
                <parameter kind='argument' name='browser' value='chrome-104.0.5112.79'/>
            </parameters>
            <steps/>
            <attachments/>
        </test-case>
    </test-cases>
</ns2:test-suite>